<?xml version="1.0" encoding="UTF-8"?>
<testsuite xmlns:xsi="http://www.w3.org/2001/XMLSchema-instance" xsi:noNamespaceSchemaLocation="https://maven.apache.org/surefire/maven-surefire-plugin/xsd/surefire-test-report-3.0.xsd" version="3.0" name="cucumber.options.TestRunner" time="3.425" tests="1" errors="0" skipped="0" failures="0">
  <properties>
[...]
</properties>
  <testcase name="verifying the place added successfully using app place api #2" classname="validating place api" time="2.827">
    <system-out><![CDATA[
@addplace2
Scenario Outline: verifying the place added successfully using app place api &amp#27;[90m# src/test/java/feature/placevalidation.feature:27&amp#27;[0m
  &amp#27;[32mGiven &amp#27;[0m&amp#27;[32madd placeapi payload  &amp#27;[0m&amp#27;[32m&amp#27;[1m"puni"&amp#27;[0m&amp#27;[32m &amp#27;[0m&amp#27;[32m&amp#27;[1m"Kannada"&amp#27;[0m&amp#27;[32m &amp#27;[0m&amp#27;[32m&amp#27;[1m"DVG"&amp#27;[0m                         &amp#27;[90m# stepdefenation.Stepdefination.add_placeapi_payload(java.lang.String,java.lang.String,java.lang.String)&amp#27;[0m
the resourse is : /maps/api/place/add/json
  &amp#27;[32mWhen &amp#27;[0m&amp#27;[32muser calls &amp#27;[0m&amp#27;[32m&amp#27;[1m"addplaceApi"&amp#27;[0m&amp#27;[32m api with &amp#27;[0m&amp#27;[32m&amp#27;[1m"Post"&amp#27;[0m&amp#27;[32m methods&amp#27;[0m                      &amp#27;[90m# stepdefenation.Stepdefination.user_calls_api_with_methods(java.lang.String,java.lang.String)&amp#27;[0m
e5e2684d1586b2e875b3b8c483860ecb
  &amp#27;[32mThen &amp#27;[0m&amp#27;[32mthe api call got with success &amp#27;[0m&amp#27;[32m&amp#27;[1m200&amp#27;[0m                                     &amp#27;[90m# stepdefenation.Stepdefination.the_api_call_got_with_success(java.lang.Integer)&amp#27;[0m
  &amp#27;[32mAnd &amp#27;[0m&amp#27;[32m&amp#27;[0m&amp#27;[32m&amp#27;[1m"status"&amp#27;[0m&amp#27;[32m in response body is &amp#27;[0m&amp#27;[32m&amp#27;[1m"OK"&amp#27;[0m&amp#27;[32m value&amp#27;[0m                                &amp#27;[90m# stepdefenation.Stepdefination.in_response_body_is_value(java.lang.String,java.lang.String)&amp#27;[0m
  &amp#27;[32mAnd &amp#27;[0m&amp#27;[32m&amp#27;[0m&amp#27;[32m&amp#27;[1m"scope"&amp#27;[0m&amp#27;[32m in response body is &amp#27;[0m&amp#27;[32m&amp#27;[1m"APP"&amp#27;[0m&amp#27;[32m value&amp#27;[0m                                &amp#27;[90m# stepdefenation.Stepdefination.in_response_body_is_value(java.lang.String,java.lang.String)&amp#27;[0m
]]></system-out>
    <system-err><![CDATA[SLF4J(W): No SLF4J providers were found.
SLF4J(W): Defaulting to no-operation (NOP) logger implementation
SLF4J(W): See https://www.slf4j.org/codes.html#noProviders for further details.
]]></system-err>
  </testcase>
</testsuite>